TN:
SF:src\app.ts
FN:10,(anonymous_1)
FNF:1
FNH:0
FNDA:0,(anonymous_1)
DA:1,1
DA:2,1
DA:3,1
DA:5,1
DA:7,1
DA:8,1
DA:10,1
DA:11,0
DA:18,1
DA:20,1
LF:10
LH:9
BRF:0
BRH:0
end_of_record
TN:
SF:src\config\database.ts
FNF:0
FNH:0
DA:1,3
DA:3,3
DA:7,3
LF:3
LH:3
BRF:0
BRH:0
end_of_record
TN:
SF:src\config\swagger.ts
FNF:0
FNH:0
DA:3,0
DA:5,0
DA:216,0
DA:218,0
LF:4
LH:0
BRF:0
BRH:0
end_of_record
TN:
SF:src\controllers\EmergencyController.ts
FN:7,(anonymous_0)
FN:17,(anonymous_1)
FN:27,(anonymous_2)
FN:44,(anonymous_3)
FN:54,(anonymous_4)
FN:70,(anonymous_5)
FNF:6
FNH:6
FNDA:1,(anonymous_0)
FNDA:2,(anonymous_1)
FNDA:4,(anonymous_2)
FNDA:8,(anonymous_3)
FNDA:2,(anonymous_4)
FNDA:2,(anonymous_5)
DA:2,1
DA:4,1
DA:8,1
DA:9,1
DA:10,1
DA:11,1
DA:12,1
DA:13,1
DA:18,2
DA:19,2
DA:20,2
DA:22,0
DA:28,4
DA:29,4
DA:30,4
DA:32,4
DA:33,2
DA:34,2
DA:36,2
DA:39,0
DA:45,8
DA:46,8
DA:47,6
DA:49,2
DA:55,2
DA:56,2
DA:57,2
DA:59,2
DA:60,1
DA:61,1
DA:63,1
DA:65,0
DA:71,2
DA:72,2
DA:73,2
DA:75,2
DA:76,1
DA:77,1
DA:79,1
DA:84,0
LF:40
LH:36
BRDA:32,0,0,2
BRDA:32,0,1,2
BRDA:59,1,0,1
BRDA:59,1,1,1
BRDA:75,2,0,1
BRDA:75,2,1,1
BRF:6
BRH:6
end_of_record
TN:
SF:src\repositories\EmergencyRepository.old.ts
FN:8,(anonymous_1)
FN:12,(anonymous_2)
FN:27,(anonymous_3)
FN:32,(anonymous_4)
FN:36,(anonymous_5)
FN:38,(anonymous_6)
FN:42,(anonymous_7)
FN:49,(anonymous_8)
FN:51,(anonymous_9)
FN:60,(anonymous_10)
FN:62,(anonymous_11)
FNF:11
FNH:0
FNDA:0,(anonymous_1)
FNDA:0,(anonymous_2)
FNDA:0,(anonymous_3)
FNDA:0,(anonymous_4)
FNDA:0,(anonymous_5)
FNDA:0,(anonymous_6)
FNDA:0,(anonymous_7)
FNDA:0,(anonymous_8)
FNDA:0,(anonymous_9)
FNDA:0,(anonymous_10)
FNDA:0,(anonymous_11)
DA:1,0
DA:2,0
DA:5,0
DA:9,0
DA:13,0
DA:14,0
DA:15,0
DA:16,0
DA:18,0
DA:20,0
DA:21,0
DA:23,0
DA:28,0
DA:29,0
DA:33,0
DA:37,0
DA:38,0
DA:39,0
DA:43,0
DA:44,0
DA:45,0
DA:46,0
DA:50,0
DA:51,0
DA:52,0
DA:53,0
DA:55,0
DA:56,0
DA:57,0
DA:61,0
DA:62,0
DA:63,0
DA:64,0
DA:66,0
DA:67,0
DA:68,0
LF:36
LH:0
BRDA:15,0,0,0
BRDA:15,0,1,0
BRDA:15,1,0,0
BRDA:15,1,1,0
BRDA:20,2,0,0
BRDA:20,2,1,0
BRDA:38,3,0,0
BRDA:38,3,1,0
BRDA:39,4,0,0
BRDA:39,4,1,0
BRDA:51,5,0,0
BRDA:51,5,1,0
BRDA:52,6,0,0
BRDA:52,6,1,0
BRDA:62,7,0,0
BRDA:62,7,1,0
BRDA:63,8,0,0
BRDA:63,8,1,0
BRF:18
BRH:0
end_of_record
TN:
SF:src\repositories\EmergencyRepository.ts
FN:7,(anonymous_1)
FN:25,(anonymous_2)
FN:48,(anonymous_3)
FN:58,(anonymous_4)
FN:78,(anonymous_5)
FN:103,(anonymous_6)
FN:128,(anonymous_7)
FN:146,(anonymous_8)
FN:154,(anonymous_9)
FNF:9
FNH:8
FNDA:2,(anonymous_1)
FNDA:9,(anonymous_2)
FNDA:6,(anonymous_3)
FNDA:7,(anonymous_4)
FNDA:1,(anonymous_5)
FNDA:0,(anonymous_6)
FNDA:2,(anonymous_7)
FNDA:13,(anonymous_8)
FNDA:14,(anonymous_9)
DA:1,2
DA:4,2
DA:8,2
DA:21,2
DA:26,9
DA:42,9
DA:44,5
DA:49,6
DA:58,7
DA:74,6
DA:79,1
DA:81,1
DA:82,1
DA:85,1
DA:86,0
DA:91,1
DA:103,0
DA:120,1
DA:122,0
DA:123,0
DA:129,2
DA:130,2
DA:131,2
DA:134,1
DA:138,1
DA:140,0
DA:141,0
DA:147,13
DA:154,14
LF:29
LH:23
BRDA:42,0,0,4
BRDA:42,0,1,5
BRDA:82,1,0,0
BRDA:82,1,1,1
BRDA:85,2,0,0
BRDA:85,2,1,1
BRDA:96,3,0,1
BRDA:96,3,1,1
BRDA:97,4,0,1
BRDA:97,4,1,1
BRDA:98,5,0,1
BRDA:98,5,1,1
BRDA:99,6,0,1
BRDA:99,6,1,0
BRDA:100,7,0,1
BRDA:100,7,1,0
BRDA:101,8,0,1
BRDA:101,8,1,0
BRDA:131,9,0,1
BRDA:131,9,1,1
BRF:20
BRH:15
end_of_record
TN:
SF:src\routes\emergencyRoutes.ts
FNF:0
FNH:0
DA:1,1
DA:2,1
DA:4,1
DA:5,1
DA:27,1
DA:49,1
DA:70,1
DA:97,1
DA:118,1
DA:120,1
LF:10
LH:10
BRF:0
BRH:0
end_of_record
TN:
SF:src\services\EmergencyService.ts
FN:7,(anonymous_0)
FN:12,(anonymous_1)
FN:22,(anonymous_2)
FN:27,(anonymous_3)
FN:32,(anonymous_4)
FN:37,(anonymous_5)
FN:61,(anonymous_6)
FN:76,(anonymous_7)
FNF:8
FNH:8
FNDA:11,(anonymous_0)
FNDA:9,(anonymous_1)
FNDA:7,(anonymous_2)
FNDA:3,(anonymous_3)
FNDA:6,(anonymous_4)
FNDA:11,(anonymous_5)
FNDA:4,(anonymous_6)
FNDA:4,(anonymous_7)
DA:1,2
DA:4,2
DA:8,11
DA:13,9
DA:23,7
DA:28,3
DA:33,6
DA:39,11
DA:40,4
DA:43,7
DA:45,7
DA:47,7
DA:57,7
DA:63,4
DA:64,4
DA:65,2
DA:67,2
DA:68,2
DA:69,2
DA:72,2
DA:77,4
LF:21
LH:21
BRDA:39,0,0,4
BRDA:39,0,1,7
BRDA:39,1,0,11
BRDA:39,1,1,9
BRDA:39,1,2,8
BRDA:43,2,0,7
BRDA:43,2,1,7
BRDA:51,3,0,7
BRDA:51,3,1,6
BRDA:52,4,0,7
BRDA:52,4,1,6
BRDA:53,5,0,7
BRDA:53,5,1,7
BRDA:64,6,0,2
BRDA:64,6,1,2
BRDA:68,7,0,2
BRDA:68,7,1,0
BRDA:68,8,0,2
BRDA:68,8,1,2
BRF:19
BRH:18
end_of_record
